The target system is: Generic - 1 - armv7-a
The host system is: Darwin - 17.5.0 - x86_64
Compiling the C compiler identification source file "CMakeCCompilerId.c" succeeded.
Compiler: /usr/local/vitasdk/bin/arm-vita-eabi-gcc 
Build flags: ;-Wl,-q
Id flags:  

The output was:
0


Compilation of the C compiler identification source "CMakeCCompilerId.c" produced "a.out"

The C compiler identification is GNU, found in "/Users/macbreaker/gitProjects/samples/sdl2/spriteTest/CMakeFiles/3.11.0/CompilerIdC/a.out"

Compiling the CXX compiler identification source file "CMakeCXXCompilerId.cpp" succeeded.
Compiler: /usr/local/vitasdk/bin/arm-vita-eabi-g++ 
Build flags: ;-Wl,-q
Id flags:  

The output was:
0


Compilation of the CXX compiler identification source "CMakeCXXCompilerId.cpp" produced "a.out"

The CXX compiler identification is GNU, found in "/Users/macbreaker/gitProjects/samples/sdl2/spriteTest/CMakeFiles/3.11.0/CompilerIdCXX/a.out"

Determining if the C compiler works passed with the following output:
Change Dir: /Users/macbreaker/gitProjects/samples/sdl2/spriteTest/CMakeFiles/CMakeTmp

Run Build Command:"/usr/bin/make" "cmTC_0f76a/fast"
/Applications/Xcode.app/Contents/Developer/usr/bin/make -f CMakeFiles/cmTC_0f76a.dir/build.make CMakeFiles/cmTC_0f76a.dir/build
Building C object CMakeFiles/cmTC_0f76a.dir/testCCompiler.c.obj
/usr/local/vitasdk/bin/arm-vita-eabi-gcc   -Wl,-q    -o CMakeFiles/cmTC_0f76a.dir/testCCompiler.c.obj   -c /Users/macbreaker/gitProjects/samples/sdl2/spriteTest/CMakeFiles/CMakeTmp/testCCompiler.c
Linking C executable cmTC_0f76a
/opt/local/bin/cmake -E cmake_link_script CMakeFiles/cmTC_0f76a.dir/link.txt --verbose=1
/usr/local/vitasdk/bin/arm-vita-eabi-gcc  -Wl,-q   -Wl,-z,nocopyreloc  CMakeFiles/cmTC_0f76a.dir/testCCompiler.c.obj  -o cmTC_0f76a 


Detecting C compiler ABI info compiled with the following output:
Change Dir: /Users/macbreaker/gitProjects/samples/sdl2/spriteTest/CMakeFiles/CMakeTmp

Run Build Command:"/usr/bin/make" "cmTC_8c657/fast"
/Applications/Xcode.app/Contents/Developer/usr/bin/make -f CMakeFiles/cmTC_8c657.dir/build.make CMakeFiles/cmTC_8c657.dir/build
Building C object CMakeFiles/cmTC_8c657.dir/CMakeCCompilerABI.c.obj
/usr/local/vitasdk/bin/arm-vita-eabi-gcc   -Wl,-q    -o CMakeFiles/cmTC_8c657.dir/CMakeCCompilerABI.c.obj   -c /opt/local/share/cmake-3.11/Modules/CMakeCCompilerABI.c
Linking C executable cmTC_8c657
/opt/local/bin/cmake -E cmake_link_script CMakeFiles/cmTC_8c657.dir/link.txt --verbose=1
/usr/local/vitasdk/bin/arm-vita-eabi-gcc  -Wl,-q   -Wl,-z,nocopyreloc -v CMakeFiles/cmTC_8c657.dir/CMakeCCompilerABI.c.obj  -o cmTC_8c657 
Using built-in specs.
COLLECT_GCC=/usr/local/vitasdk/bin/arm-vita-eabi-gcc
COLLECT_LTO_WRAPPER=/usr/local/vitasdk/bin/../lib/gcc/arm-vita-eabi/7.3.0/lto-wrapper
Target: arm-vita-eabi
Configured with: /Users/travis/build/vitasdk/autobuilds/buildscripts/build/gcc-final-prefix/src/gcc-final/configure --build=x86_64-apple-darwin --host=x86_64-apple-darwin --target=arm-vita-eabi --prefix=/Users/travis/build/vitasdk/autobuilds/buildscripts/build/vitasdk --libdir=/Users/travis/build/vitasdk/autobuilds/buildscripts/build/vitasdk/lib --libexecdir=/Users/travis/build/vitasdk/autobuilds/buildscripts/build/vitasdk/lib --with-sysroot=/Users/travis/build/vitasdk/autobuilds/buildscripts/build/vitasdk/arm-vita-eabi --with-gmp=/Users/travis/build/vitasdk/autobuilds/buildscripts/build/deps_build --with-mpfr=/Users/travis/build/vitasdk/autobuilds/buildscripts/build/deps_build --with-mpc=/Users/travis/build/vitasdk/autobuilds/buildscripts/build/deps_build --with-isl=/Users/travis/build/vitasdk/autobuilds/buildscripts/build/deps_build --with-libelf=/Users/travis/build/vitasdk/autobuilds/buildscripts/build/deps_build --with-python-dir=share/gcc-arm-vita-eabi --enable-languages=c,c++ --disable-decimal-float --disable-libffi --disable-libgomp --disable-libmudflap --disable-libquadmath --disable-libssp --disable-libstdcxx-pch --disable-nls --disable-shared --disable-tls --with-gnu-as --with-gnu-ld --with-newlib --disable-multilib --with-arch=armv7-a --with-tune=cortex-a9 --with-fpu=neon --with-float=hard --with-mode=thumb --with-pkgversion='GNU Tools for ARM Embedded Processors' --with-headers=yes --enable-threads=posix
Thread model: posix
gcc version 7.3.0 (GNU Tools for ARM Embedded Processors) 
COMPILER_PATH=/usr/local/vitasdk/bin/../lib/gcc/arm-vita-eabi/7.3.0/:/usr/local/vitasdk/bin/../lib/gcc/:/usr/local/vitasdk/bin/../lib/gcc/arm-vita-eabi/7.3.0/../../../../arm-vita-eabi/bin/
LIBRARY_PATH=/usr/local/vitasdk/bin/../lib/gcc/arm-vita-eabi/7.3.0/:/usr/local/vitasdk/bin/../lib/gcc/:/usr/local/vitasdk/bin/../lib/gcc/arm-vita-eabi/7.3.0/../../../../arm-vita-eabi/lib/:/usr/local/vitasdk/bin/../arm-vita-eabi/lib/
COLLECT_GCC_OPTIONS='-v' '-o' 'cmTC_8c657' '-march=armv7-a' '-mtune=cortex-a9' '-mfloat-abi=hard' '-mfpu=neon' '-mthumb'
 /usr/local/vitasdk/bin/../lib/gcc/arm-vita-eabi/7.3.0/collect2 -plugin /usr/local/vitasdk/bin/../lib/gcc/arm-vita-eabi/7.3.0/liblto_plugin.so -plugin-opt=/usr/local/vitasdk/bin/../lib/gcc/arm-vita-eabi/7.3.0/lto-wrapper -plugin-opt=-fresolution=/var/folders/rq/sl9x4_3j6lj8n8vfg0m1qsqw0000gn/T//ccl4CsUa.res -plugin-opt=-pass-through=-lgcc -plugin-opt=-pass-through=-lc -plugin-opt=-pass-through=-lSceRtc_stub -plugin-opt=-pass-through=-lSceSysmem_stub -plugin-opt=-pass-through=-lSceKernelThreadMgr_stub -plugin-opt=-pass-through=-lSceKernelModulemgr_stub -plugin-opt=-pass-through=-lSceIofilemgr_stub -plugin-opt=-pass-through=-lSceProcessmgr_stub -plugin-opt=-pass-through=-lSceLibKernel_stub -plugin-opt=-pass-through=-lSceNet_stub --sysroot=/usr/local/vitasdk/bin/../arm-vita-eabi -X -o cmTC_8c657 /usr/local/vitasdk/bin/../lib/gcc/arm-vita-eabi/7.3.0/crti.o /usr/local/vitasdk/bin/../lib/gcc/arm-vita-eabi/7.3.0/crtbegin.o /usr/local/vitasdk/bin/../lib/gcc/arm-vita-eabi/7.3.0/../../../../arm-vita-eabi/lib/crt0.o -L/usr/local/vitasdk/bin/../lib/gcc/arm-vita-eabi/7.3.0 -L/usr/local/vitasdk/bin/../lib/gcc -L/usr/local/vitasdk/bin/../lib/gcc/arm-vita-eabi/7.3.0/../../../../arm-vita-eabi/lib -L/usr/local/vitasdk/bin/../arm-vita-eabi/lib -q -z nocopyreloc CMakeFiles/cmTC_8c657.dir/CMakeCCompilerABI.c.obj --start-group -lgcc -lc -lSceRtc_stub -lSceSysmem_stub -lSceKernelThreadMgr_stub -lSceKernelModulemgr_stub -lSceIofilemgr_stub -lSceProcessmgr_stub -lSceLibKernel_stub -lSceNet_stub --end-group /usr/local/vitasdk/bin/../lib/gcc/arm-vita-eabi/7.3.0/crtend.o /usr/local/vitasdk/bin/../lib/gcc/arm-vita-eabi/7.3.0/crtn.o
COLLECT_GCC_OPTIONS='-v' '-o' 'cmTC_8c657' '-march=armv7-a' '-mtune=cortex-a9' '-mfloat-abi=hard' '-mfpu=neon' '-mthumb'


Parsed C implicit link information from above output:
  link line regex: [^( *|.*[/\])(arm-vita-eabi-ld|CMAKE_LINK_STARTFILE-NOTFOUND|([^/\]+-)?ld|collect2)[^/\]*( |$)]
  ignore line: [Change Dir: /Users/macbreaker/gitProjects/samples/sdl2/spriteTest/CMakeFiles/CMakeTmp]
  ignore line: []
  ignore line: [Run Build Command:"/usr/bin/make" "cmTC_8c657/fast"]
  ignore line: [/Applications/Xcode.app/Contents/Developer/usr/bin/make -f CMakeFiles/cmTC_8c657.dir/build.make CMakeFiles/cmTC_8c657.dir/build]
  ignore line: [Building C object CMakeFiles/cmTC_8c657.dir/CMakeCCompilerABI.c.obj]
  ignore line: [/usr/local/vitasdk/bin/arm-vita-eabi-gcc   -Wl,-q    -o CMakeFiles/cmTC_8c657.dir/CMakeCCompilerABI.c.obj   -c /opt/local/share/cmake-3.11/Modules/CMakeCCompilerABI.c]
  ignore line: [Linking C executable cmTC_8c657]
  ignore line: [/opt/local/bin/cmake -E cmake_link_script CMakeFiles/cmTC_8c657.dir/link.txt --verbose=1]
  ignore line: [/usr/local/vitasdk/bin/arm-vita-eabi-gcc  -Wl,-q   -Wl,-z,nocopyreloc -v CMakeFiles/cmTC_8c657.dir/CMakeCCompilerABI.c.obj  -o cmTC_8c657 ]
  ignore line: [Using built-in specs.]
  ignore line: [COLLECT_GCC=/usr/local/vitasdk/bin/arm-vita-eabi-gcc]
  ignore line: [COLLECT_LTO_WRAPPER=/usr/local/vitasdk/bin/../lib/gcc/arm-vita-eabi/7.3.0/lto-wrapper]
  ignore line: [Target: arm-vita-eabi]
  ignore line: [Configured with: /Users/travis/build/vitasdk/autobuilds/buildscripts/build/gcc-final-prefix/src/gcc-final/configure --build=x86_64-apple-darwin --host=x86_64-apple-darwin --target=arm-vita-eabi --prefix=/Users/travis/build/vitasdk/autobuilds/buildscripts/build/vitasdk --libdir=/Users/travis/build/vitasdk/autobuilds/buildscripts/build/vitasdk/lib --libexecdir=/Users/travis/build/vitasdk/autobuilds/buildscripts/build/vitasdk/lib --with-sysroot=/Users/travis/build/vitasdk/autobuilds/buildscripts/build/vitasdk/arm-vita-eabi --with-gmp=/Users/travis/build/vitasdk/autobuilds/buildscripts/build/deps_build --with-mpfr=/Users/travis/build/vitasdk/autobuilds/buildscripts/build/deps_build --with-mpc=/Users/travis/build/vitasdk/autobuilds/buildscripts/build/deps_build --with-isl=/Users/travis/build/vitasdk/autobuilds/buildscripts/build/deps_build --with-libelf=/Users/travis/build/vitasdk/autobuilds/buildscripts/build/deps_build --with-python-dir=share/gcc-arm-vita-eabi --enable-languages=c,c++ --disable-decimal-float --disable-libffi --disable-libgomp --disable-libmudflap --disable-libquadmath --disable-libssp --disable-libstdcxx-pch --disable-nls --disable-shared --disable-tls --with-gnu-as --with-gnu-ld --with-newlib --disable-multilib --with-arch=armv7-a --with-tune=cortex-a9 --with-fpu=neon --with-float=hard --with-mode=thumb --with-pkgversion='GNU Tools for ARM Embedded Processors' --with-headers=yes --enable-threads=posix]
  ignore line: [Thread model: posix]
  ignore line: [gcc version 7.3.0 (GNU Tools for ARM Embedded Processors) ]
  ignore line: [COMPILER_PATH=/usr/local/vitasdk/bin/../lib/gcc/arm-vita-eabi/7.3.0/:/usr/local/vitasdk/bin/../lib/gcc/:/usr/local/vitasdk/bin/../lib/gcc/arm-vita-eabi/7.3.0/../../../../arm-vita-eabi/bin/]
  ignore line: [LIBRARY_PATH=/usr/local/vitasdk/bin/../lib/gcc/arm-vita-eabi/7.3.0/:/usr/local/vitasdk/bin/../lib/gcc/:/usr/local/vitasdk/bin/../lib/gcc/arm-vita-eabi/7.3.0/../../../../arm-vita-eabi/lib/:/usr/local/vitasdk/bin/../arm-vita-eabi/lib/]
  ignore line: [COLLECT_GCC_OPTIONS='-v' '-o' 'cmTC_8c657' '-march=armv7-a' '-mtune=cortex-a9' '-mfloat-abi=hard' '-mfpu=neon' '-mthumb']
  link line: [ /usr/local/vitasdk/bin/../lib/gcc/arm-vita-eabi/7.3.0/collect2 -plugin /usr/local/vitasdk/bin/../lib/gcc/arm-vita-eabi/7.3.0/liblto_plugin.so -plugin-opt=/usr/local/vitasdk/bin/../lib/gcc/arm-vita-eabi/7.3.0/lto-wrapper -plugin-opt=-fresolution=/var/folders/rq/sl9x4_3j6lj8n8vfg0m1qsqw0000gn/T//ccl4CsUa.res -plugin-opt=-pass-through=-lgcc -plugin-opt=-pass-through=-lc -plugin-opt=-pass-through=-lSceRtc_stub -plugin-opt=-pass-through=-lSceSysmem_stub -plugin-opt=-pass-through=-lSceKernelThreadMgr_stub -plugin-opt=-pass-through=-lSceKernelModulemgr_stub -plugin-opt=-pass-through=-lSceIofilemgr_stub -plugin-opt=-pass-through=-lSceProcessmgr_stub -plugin-opt=-pass-through=-lSceLibKernel_stub -plugin-opt=-pass-through=-lSceNet_stub --sysroot=/usr/local/vitasdk/bin/../arm-vita-eabi -X -o cmTC_8c657 /usr/local/vitasdk/bin/../lib/gcc/arm-vita-eabi/7.3.0/crti.o /usr/local/vitasdk/bin/../lib/gcc/arm-vita-eabi/7.3.0/crtbegin.o /usr/local/vitasdk/bin/../lib/gcc/arm-vita-eabi/7.3.0/../../../../arm-vita-eabi/lib/crt0.o -L/usr/local/vitasdk/bin/../lib/gcc/arm-vita-eabi/7.3.0 -L/usr/local/vitasdk/bin/../lib/gcc -L/usr/local/vitasdk/bin/../lib/gcc/arm-vita-eabi/7.3.0/../../../../arm-vita-eabi/lib -L/usr/local/vitasdk/bin/../arm-vita-eabi/lib -q -z nocopyreloc CMakeFiles/cmTC_8c657.dir/CMakeCCompilerABI.c.obj --start-group -lgcc -lc -lSceRtc_stub -lSceSysmem_stub -lSceKernelThreadMgr_stub -lSceKernelModulemgr_stub -lSceIofilemgr_stub -lSceProcessmgr_stub -lSceLibKernel_stub -lSceNet_stub --end-group /usr/local/vitasdk/bin/../lib/gcc/arm-vita-eabi/7.3.0/crtend.o /usr/local/vitasdk/bin/../lib/gcc/arm-vita-eabi/7.3.0/crtn.o]
    arg [/usr/local/vitasdk/bin/../lib/gcc/arm-vita-eabi/7.3.0/collect2] ==> ignore
    arg [-plugin] ==> ignore
    arg [/usr/local/vitasdk/bin/../lib/gcc/arm-vita-eabi/7.3.0/liblto_plugin.so] ==> ignore
    arg [-plugin-opt=/usr/local/vitasdk/bin/../lib/gcc/arm-vita-eabi/7.3.0/lto-wrapper] ==> ignore
    arg [-plugin-opt=-fresolution=/var/folders/rq/sl9x4_3j6lj8n8vfg0m1qsqw0000gn/T//ccl4CsUa.res] ==> ignore
    arg [-plugin-opt=-pass-through=-lgcc] ==> ignore
    arg [-plugin-opt=-pass-through=-lc] ==> ignore
    arg [-plugin-opt=-pass-through=-lSceRtc_stub] ==> ignore
    arg [-plugin-opt=-pass-through=-lSceSysmem_stub] ==> ignore
    arg [-plugin-opt=-pass-through=-lSceKernelThreadMgr_stub] ==> ignore
    arg [-plugin-opt=-pass-through=-lSceKernelModulemgr_stub] ==> ignore
    arg [-plugin-opt=-pass-through=-lSceIofilemgr_stub] ==> ignore
    arg [-plugin-opt=-pass-through=-lSceProcessmgr_stub] ==> ignore
    arg [-plugin-opt=-pass-through=-lSceLibKernel_stub] ==> ignore
    arg [-plugin-opt=-pass-through=-lSceNet_stub] ==> ignore
    arg [--sysroot=/usr/local/vitasdk/bin/../arm-vita-eabi] ==> ignore
    arg [-X] ==> ignore
    arg [-o] ==> ignore
    arg [cmTC_8c657] ==> ignore
    arg [/usr/local/vitasdk/bin/../lib/gcc/arm-vita-eabi/7.3.0/crti.o] ==> ignore
    arg [/usr/local/vitasdk/bin/../lib/gcc/arm-vita-eabi/7.3.0/crtbegin.o] ==> ignore
    arg [/usr/local/vitasdk/bin/../lib/gcc/arm-vita-eabi/7.3.0/../../../../arm-vita-eabi/lib/crt0.o] ==> ignore
    arg [-L/usr/local/vitasdk/bin/../lib/gcc/arm-vita-eabi/7.3.0] ==> dir [/usr/local/vitasdk/bin/../lib/gcc/arm-vita-eabi/7.3.0]
    arg [-L/usr/local/vitasdk/bin/../lib/gcc] ==> dir [/usr/local/vitasdk/bin/../lib/gcc]
    arg [-L/usr/local/vitasdk/bin/../lib/gcc/arm-vita-eabi/7.3.0/../../../../arm-vita-eabi/lib] ==> dir [/usr/local/vitasdk/bin/../lib/gcc/arm-vita-eabi/7.3.0/../../../../arm-vita-eabi/lib]
    arg [-L/usr/local/vitasdk/bin/../arm-vita-eabi/lib] ==> dir [/usr/local/vitasdk/bin/../arm-vita-eabi/lib]
    arg [-q] ==> ignore
    arg [-znocopyreloc] ==> ignore
    arg [CMakeFiles/cmTC_8c657.dir/CMakeCCompilerABI.c.obj] ==> ignore
    arg [--start-group] ==> ignore
    arg [-lgcc] ==> lib [gcc]
    arg [-lc] ==> lib [c]
    arg [-lSceRtc_stub] ==> lib [SceRtc_stub]
    arg [-lSceSysmem_stub] ==> lib [SceSysmem_stub]
    arg [-lSceKernelThreadMgr_stub] ==> lib [SceKernelThreadMgr_stub]
    arg [-lSceKernelModulemgr_stub] ==> lib [SceKernelModulemgr_stub]
    arg [-lSceIofilemgr_stub] ==> lib [SceIofilemgr_stub]
    arg [-lSceProcessmgr_stub] ==> lib [SceProcessmgr_stub]
    arg [-lSceLibKernel_stub] ==> lib [SceLibKernel_stub]
    arg [-lSceNet_stub] ==> lib [SceNet_stub]
    arg [--end-group] ==> ignore
    arg [/usr/local/vitasdk/bin/../lib/gcc/arm-vita-eabi/7.3.0/crtend.o] ==> ignore
    arg [/usr/local/vitasdk/bin/../lib/gcc/arm-vita-eabi/7.3.0/crtn.o] ==> ignore
  collapse library dir [/usr/local/vitasdk/bin/../lib/gcc/arm-vita-eabi/7.3.0] ==> [/usr/local/vitasdk/lib/gcc/arm-vita-eabi/7.3.0]
  collapse library dir [/usr/local/vitasdk/bin/../lib/gcc] ==> [/usr/local/vitasdk/lib/gcc]
  collapse library dir [/usr/local/vitasdk/bin/../lib/gcc/arm-vita-eabi/7.3.0/../../../../arm-vita-eabi/lib] ==> [/usr/local/vitasdk/arm-vita-eabi/lib]
  collapse library dir [/usr/local/vitasdk/bin/../arm-vita-eabi/lib] ==> [/usr/local/vitasdk/arm-vita-eabi/lib]
  implicit libs: [gcc;c;SceRtc_stub;SceSysmem_stub;SceKernelThreadMgr_stub;SceKernelModulemgr_stub;SceIofilemgr_stub;SceProcessmgr_stub;SceLibKernel_stub;SceNet_stub]
  implicit dirs: [/usr/local/vitasdk/lib/gcc/arm-vita-eabi/7.3.0;/usr/local/vitasdk/lib/gcc;/usr/local/vitasdk/arm-vita-eabi/lib]
  implicit fwks: []




Detecting C [-std=c11] compiler features compiled with the following output:
Change Dir: /Users/macbreaker/gitProjects/samples/sdl2/spriteTest/CMakeFiles/CMakeTmp

Run Build Command:"/usr/bin/make" "cmTC_ecd0d/fast"
/Applications/Xcode.app/Contents/Developer/usr/bin/make -f CMakeFiles/cmTC_ecd0d.dir/build.make CMakeFiles/cmTC_ecd0d.dir/build
Building C object CMakeFiles/cmTC_ecd0d.dir/feature_tests.c.obj
/usr/local/vitasdk/bin/arm-vita-eabi-gcc   -Wl,-q    -std=c11 -o CMakeFiles/cmTC_ecd0d.dir/feature_tests.c.obj   -c /Users/macbreaker/gitProjects/samples/sdl2/spriteTest/CMakeFiles/feature_tests.c
Linking C executable cmTC_ecd0d
/opt/local/bin/cmake -E cmake_link_script CMakeFiles/cmTC_ecd0d.dir/link.txt --verbose=1
/usr/local/vitasdk/bin/arm-vita-eabi-gcc  -Wl,-q   -Wl,-z,nocopyreloc  CMakeFiles/cmTC_ecd0d.dir/feature_tests.c.obj  -o cmTC_ecd0d 


    Feature record: C_FEATURE:1c_function_prototypes
    Feature record: C_FEATURE:1c_restrict
    Feature record: C_FEATURE:1c_static_assert
    Feature record: C_FEATURE:1c_variadic_macros


Detecting C [-std=c99] compiler features compiled with the following output:
Change Dir: /Users/macbreaker/gitProjects/samples/sdl2/spriteTest/CMakeFiles/CMakeTmp

Run Build Command:"/usr/bin/make" "cmTC_d6824/fast"
/Applications/Xcode.app/Contents/Developer/usr/bin/make -f CMakeFiles/cmTC_d6824.dir/build.make CMakeFiles/cmTC_d6824.dir/build
Building C object CMakeFiles/cmTC_d6824.dir/feature_tests.c.obj
/usr/local/vitasdk/bin/arm-vita-eabi-gcc   -Wl,-q    -std=c99 -o CMakeFiles/cmTC_d6824.dir/feature_tests.c.obj   -c /Users/macbreaker/gitProjects/samples/sdl2/spriteTest/CMakeFiles/feature_tests.c
Linking C executable cmTC_d6824
/opt/local/bin/cmake -E cmake_link_script CMakeFiles/cmTC_d6824.dir/link.txt --verbose=1
/usr/local/vitasdk/bin/arm-vita-eabi-gcc  -Wl,-q   -Wl,-z,nocopyreloc  CMakeFiles/cmTC_d6824.dir/feature_tests.c.obj  -o cmTC_d6824 


    Feature record: C_FEATURE:1c_function_prototypes
    Feature record: C_FEATURE:1c_restrict
    Feature record: C_FEATURE:0c_static_assert
    Feature record: C_FEATURE:1c_variadic_macros


Detecting C [-std=c90] compiler features compiled with the following output:
Change Dir: /Users/macbreaker/gitProjects/samples/sdl2/spriteTest/CMakeFiles/CMakeTmp

Run Build Command:"/usr/bin/make" "cmTC_5bf9b/fast"
/Applications/Xcode.app/Contents/Developer/usr/bin/make -f CMakeFiles/cmTC_5bf9b.dir/build.make CMakeFiles/cmTC_5bf9b.dir/build
Building C object CMakeFiles/cmTC_5bf9b.dir/feature_tests.c.obj
/usr/local/vitasdk/bin/arm-vita-eabi-gcc   -Wl,-q    -std=c90 -o CMakeFiles/cmTC_5bf9b.dir/feature_tests.c.obj   -c /Users/macbreaker/gitProjects/samples/sdl2/spriteTest/CMakeFiles/feature_tests.c
Linking C executable cmTC_5bf9b
/opt/local/bin/cmake -E cmake_link_script CMakeFiles/cmTC_5bf9b.dir/link.txt --verbose=1
/usr/local/vitasdk/bin/arm-vita-eabi-gcc  -Wl,-q   -Wl,-z,nocopyreloc  CMakeFiles/cmTC_5bf9b.dir/feature_tests.c.obj  -o cmTC_5bf9b 


    Feature record: C_FEATURE:1c_function_prototypes
    Feature record: C_FEATURE:0c_restrict
    Feature record: C_FEATURE:0c_static_assert
    Feature record: C_FEATURE:0c_variadic_macros
Determining if the CXX compiler works passed with the following output:
Change Dir: /Users/macbreaker/gitProjects/samples/sdl2/spriteTest/CMakeFiles/CMakeTmp

Run Build Command:"/usr/bin/make" "cmTC_7efa3/fast"
/Applications/Xcode.app/Contents/Developer/usr/bin/make -f CMakeFiles/cmTC_7efa3.dir/build.make CMakeFiles/cmTC_7efa3.dir/build
Building CXX object CMakeFiles/cmTC_7efa3.dir/testCXXCompiler.cxx.obj
/usr/local/vitasdk/bin/arm-vita-eabi-g++    -Wl,-q    -o CMakeFiles/cmTC_7efa3.dir/testCXXCompiler.cxx.obj -c /Users/macbreaker/gitProjects/samples/sdl2/spriteTest/CMakeFiles/CMakeTmp/testCXXCompiler.cxx
Linking CXX executable cmTC_7efa3
/opt/local/bin/cmake -E cmake_link_script CMakeFiles/cmTC_7efa3.dir/link.txt --verbose=1
/usr/local/vitasdk/bin/arm-vita-eabi-g++   -Wl,-q   -Wl,-z,nocopyreloc  CMakeFiles/cmTC_7efa3.dir/testCXXCompiler.cxx.obj  -o cmTC_7efa3 


Detecting CXX compiler ABI info compiled with the following output:
Change Dir: /Users/macbreaker/gitProjects/samples/sdl2/spriteTest/CMakeFiles/CMakeTmp

Run Build Command:"/usr/bin/make" "cmTC_f7804/fast"
/Applications/Xcode.app/Contents/Developer/usr/bin/make -f CMakeFiles/cmTC_f7804.dir/build.make CMakeFiles/cmTC_f7804.dir/build
Building CXX object CMakeFiles/cmTC_f7804.dir/CMakeCXXCompilerABI.cpp.obj
/usr/local/vitasdk/bin/arm-vita-eabi-g++    -Wl,-q    -o CMakeFiles/cmTC_f7804.dir/CMakeCXXCompilerABI.cpp.obj -c /opt/local/share/cmake-3.11/Modules/CMakeCXXCompilerABI.cpp
Linking CXX executable cmTC_f7804
/opt/local/bin/cmake -E cmake_link_script CMakeFiles/cmTC_f7804.dir/link.txt --verbose=1
/usr/local/vitasdk/bin/arm-vita-eabi-g++   -Wl,-q   -Wl,-z,nocopyreloc -v CMakeFiles/cmTC_f7804.dir/CMakeCXXCompilerABI.cpp.obj  -o cmTC_f7804 
Using built-in specs.
COLLECT_GCC=/usr/local/vitasdk/bin/arm-vita-eabi-g++
COLLECT_LTO_WRAPPER=/usr/local/vitasdk/bin/../lib/gcc/arm-vita-eabi/7.3.0/lto-wrapper
Target: arm-vita-eabi
Configured with: /Users/travis/build/vitasdk/autobuilds/buildscripts/build/gcc-final-prefix/src/gcc-final/configure --build=x86_64-apple-darwin --host=x86_64-apple-darwin --target=arm-vita-eabi --prefix=/Users/travis/build/vitasdk/autobuilds/buildscripts/build/vitasdk --libdir=/Users/travis/build/vitasdk/autobuilds/buildscripts/build/vitasdk/lib --libexecdir=/Users/travis/build/vitasdk/autobuilds/buildscripts/build/vitasdk/lib --with-sysroot=/Users/travis/build/vitasdk/autobuilds/buildscripts/build/vitasdk/arm-vita-eabi --with-gmp=/Users/travis/build/vitasdk/autobuilds/buildscripts/build/deps_build --with-mpfr=/Users/travis/build/vitasdk/autobuilds/buildscripts/build/deps_build --with-mpc=/Users/travis/build/vitasdk/autobuilds/buildscripts/build/deps_build --with-isl=/Users/travis/build/vitasdk/autobuilds/buildscripts/build/deps_build --with-libelf=/Users/travis/build/vitasdk/autobuilds/buildscripts/build/deps_build --with-python-dir=share/gcc-arm-vita-eabi --enable-languages=c,c++ --disable-decimal-float --disable-libffi --disable-libgomp --disable-libmudflap --disable-libquadmath --disable-libssp --disable-libstdcxx-pch --disable-nls --disable-shared --disable-tls --with-gnu-as --with-gnu-ld --with-newlib --disable-multilib --with-arch=armv7-a --with-tune=cortex-a9 --with-fpu=neon --with-float=hard --with-mode=thumb --with-pkgversion='GNU Tools for ARM Embedded Processors' --with-headers=yes --enable-threads=posix
Thread model: posix
gcc version 7.3.0 (GNU Tools for ARM Embedded Processors) 
COMPILER_PATH=/usr/local/vitasdk/bin/../lib/gcc/arm-vita-eabi/7.3.0/:/usr/local/vitasdk/bin/../lib/gcc/:/usr/local/vitasdk/bin/../lib/gcc/arm-vita-eabi/7.3.0/../../../../arm-vita-eabi/bin/
LIBRARY_PATH=/usr/local/vitasdk/bin/../lib/gcc/arm-vita-eabi/7.3.0/:/usr/local/vitasdk/bin/../lib/gcc/:/usr/local/vitasdk/bin/../lib/gcc/arm-vita-eabi/7.3.0/../../../../arm-vita-eabi/lib/:/usr/local/vitasdk/bin/../arm-vita-eabi/lib/
COLLECT_GCC_OPTIONS='-v' '-o' 'cmTC_f7804' '-march=armv7-a' '-mtune=cortex-a9' '-mfloat-abi=hard' '-mfpu=neon' '-mthumb'
 /usr/local/vitasdk/bin/../lib/gcc/arm-vita-eabi/7.3.0/collect2 -plugin /usr/local/vitasdk/bin/../lib/gcc/arm-vita-eabi/7.3.0/liblto_plugin.so -plugin-opt=/usr/local/vitasdk/bin/../lib/gcc/arm-vita-eabi/7.3.0/lto-wrapper -plugin-opt=-fresolution=/var/folders/rq/sl9x4_3j6lj8n8vfg0m1qsqw0000gn/T//ccUjpsPI.res -plugin-opt=-pass-through=-lgcc -plugin-opt=-pass-through=-lc -plugin-opt=-pass-through=-lSceRtc_stub -plugin-opt=-pass-through=-lSceSysmem_stub -plugin-opt=-pass-through=-lSceKernelThreadMgr_stub -plugin-opt=-pass-through=-lSceKernelModulemgr_stub -plugin-opt=-pass-through=-lSceIofilemgr_stub -plugin-opt=-pass-through=-lSceProcessmgr_stub -plugin-opt=-pass-through=-lSceLibKernel_stub -plugin-opt=-pass-through=-lSceNet_stub --sysroot=/usr/local/vitasdk/bin/../arm-vita-eabi -X -o cmTC_f7804 /usr/local/vitasdk/bin/../lib/gcc/arm-vita-eabi/7.3.0/crti.o /usr/local/vitasdk/bin/../lib/gcc/arm-vita-eabi/7.3.0/crtbegin.o /usr/local/vitasdk/bin/../lib/gcc/arm-vita-eabi/7.3.0/../../../../arm-vita-eabi/lib/crt0.o -L/usr/local/vitasdk/bin/../lib/gcc/arm-vita-eabi/7.3.0 -L/usr/local/vitasdk/bin/../lib/gcc -L/usr/local/vitasdk/bin/../lib/gcc/arm-vita-eabi/7.3.0/../../../../arm-vita-eabi/lib -L/usr/local/vitasdk/bin/../arm-vita-eabi/lib -q -z nocopyreloc CMakeFiles/cmTC_f7804.dir/CMakeCXXCompilerABI.cpp.obj -lstdc++ -lm --start-group -lgcc -lc -lSceRtc_stub -lSceSysmem_stub -lSceKernelThreadMgr_stub -lSceKernelModulemgr_stub -lSceIofilemgr_stub -lSceProcessmgr_stub -lSceLibKernel_stub -lSceNet_stub --end-group /usr/local/vitasdk/bin/../lib/gcc/arm-vita-eabi/7.3.0/crtend.o /usr/local/vitasdk/bin/../lib/gcc/arm-vita-eabi/7.3.0/crtn.o
COLLECT_GCC_OPTIONS='-v' '-o' 'cmTC_f7804' '-march=armv7-a' '-mtune=cortex-a9' '-mfloat-abi=hard' '-mfpu=neon' '-mthumb'


Parsed CXX implicit link information from above output:
  link line regex: [^( *|.*[/\])(arm-vita-eabi-ld|CMAKE_LINK_STARTFILE-NOTFOUND|([^/\]+-)?ld|collect2)[^/\]*( |$)]
  ignore line: [Change Dir: /Users/macbreaker/gitProjects/samples/sdl2/spriteTest/CMakeFiles/CMakeTmp]
  ignore line: []
  ignore line: [Run Build Command:"/usr/bin/make" "cmTC_f7804/fast"]
  ignore line: [/Applications/Xcode.app/Contents/Developer/usr/bin/make -f CMakeFiles/cmTC_f7804.dir/build.make CMakeFiles/cmTC_f7804.dir/build]
  ignore line: [Building CXX object CMakeFiles/cmTC_f7804.dir/CMakeCXXCompilerABI.cpp.obj]
  ignore line: [/usr/local/vitasdk/bin/arm-vita-eabi-g++    -Wl,-q    -o CMakeFiles/cmTC_f7804.dir/CMakeCXXCompilerABI.cpp.obj -c /opt/local/share/cmake-3.11/Modules/CMakeCXXCompilerABI.cpp]
  ignore line: [Linking CXX executable cmTC_f7804]
  ignore line: [/opt/local/bin/cmake -E cmake_link_script CMakeFiles/cmTC_f7804.dir/link.txt --verbose=1]
  ignore line: [/usr/local/vitasdk/bin/arm-vita-eabi-g++   -Wl,-q   -Wl,-z,nocopyreloc -v CMakeFiles/cmTC_f7804.dir/CMakeCXXCompilerABI.cpp.obj  -o cmTC_f7804 ]
  ignore line: [Using built-in specs.]
  ignore line: [COLLECT_GCC=/usr/local/vitasdk/bin/arm-vita-eabi-g++]
  ignore line: [COLLECT_LTO_WRAPPER=/usr/local/vitasdk/bin/../lib/gcc/arm-vita-eabi/7.3.0/lto-wrapper]
  ignore line: [Target: arm-vita-eabi]
  ignore line: [Configured with: /Users/travis/build/vitasdk/autobuilds/buildscripts/build/gcc-final-prefix/src/gcc-final/configure --build=x86_64-apple-darwin --host=x86_64-apple-darwin --target=arm-vita-eabi --prefix=/Users/travis/build/vitasdk/autobuilds/buildscripts/build/vitasdk --libdir=/Users/travis/build/vitasdk/autobuilds/buildscripts/build/vitasdk/lib --libexecdir=/Users/travis/build/vitasdk/autobuilds/buildscripts/build/vitasdk/lib --with-sysroot=/Users/travis/build/vitasdk/autobuilds/buildscripts/build/vitasdk/arm-vita-eabi --with-gmp=/Users/travis/build/vitasdk/autobuilds/buildscripts/build/deps_build --with-mpfr=/Users/travis/build/vitasdk/autobuilds/buildscripts/build/deps_build --with-mpc=/Users/travis/build/vitasdk/autobuilds/buildscripts/build/deps_build --with-isl=/Users/travis/build/vitasdk/autobuilds/buildscripts/build/deps_build --with-libelf=/Users/travis/build/vitasdk/autobuilds/buildscripts/build/deps_build --with-python-dir=share/gcc-arm-vita-eabi --enable-languages=c,c++ --disable-decimal-float --disable-libffi --disable-libgomp --disable-libmudflap --disable-libquadmath --disable-libssp --disable-libstdcxx-pch --disable-nls --disable-shared --disable-tls --with-gnu-as --with-gnu-ld --with-newlib --disable-multilib --with-arch=armv7-a --with-tune=cortex-a9 --with-fpu=neon --with-float=hard --with-mode=thumb --with-pkgversion='GNU Tools for ARM Embedded Processors' --with-headers=yes --enable-threads=posix]
  ignore line: [Thread model: posix]
  ignore line: [gcc version 7.3.0 (GNU Tools for ARM Embedded Processors) ]
  ignore line: [COMPILER_PATH=/usr/local/vitasdk/bin/../lib/gcc/arm-vita-eabi/7.3.0/:/usr/local/vitasdk/bin/../lib/gcc/:/usr/local/vitasdk/bin/../lib/gcc/arm-vita-eabi/7.3.0/../../../../arm-vita-eabi/bin/]
  ignore line: [LIBRARY_PATH=/usr/local/vitasdk/bin/../lib/gcc/arm-vita-eabi/7.3.0/:/usr/local/vitasdk/bin/../lib/gcc/:/usr/local/vitasdk/bin/../lib/gcc/arm-vita-eabi/7.3.0/../../../../arm-vita-eabi/lib/:/usr/local/vitasdk/bin/../arm-vita-eabi/lib/]
  ignore line: [COLLECT_GCC_OPTIONS='-v' '-o' 'cmTC_f7804' '-march=armv7-a' '-mtune=cortex-a9' '-mfloat-abi=hard' '-mfpu=neon' '-mthumb']
  link line: [ /usr/local/vitasdk/bin/../lib/gcc/arm-vita-eabi/7.3.0/collect2 -plugin /usr/local/vitasdk/bin/../lib/gcc/arm-vita-eabi/7.3.0/liblto_plugin.so -plugin-opt=/usr/local/vitasdk/bin/../lib/gcc/arm-vita-eabi/7.3.0/lto-wrapper -plugin-opt=-fresolution=/var/folders/rq/sl9x4_3j6lj8n8vfg0m1qsqw0000gn/T//ccUjpsPI.res -plugin-opt=-pass-through=-lgcc -plugin-opt=-pass-through=-lc -plugin-opt=-pass-through=-lSceRtc_stub -plugin-opt=-pass-through=-lSceSysmem_stub -plugin-opt=-pass-through=-lSceKernelThreadMgr_stub -plugin-opt=-pass-through=-lSceKernelModulemgr_stub -plugin-opt=-pass-through=-lSceIofilemgr_stub -plugin-opt=-pass-through=-lSceProcessmgr_stub -plugin-opt=-pass-through=-lSceLibKernel_stub -plugin-opt=-pass-through=-lSceNet_stub --sysroot=/usr/local/vitasdk/bin/../arm-vita-eabi -X -o cmTC_f7804 /usr/local/vitasdk/bin/../lib/gcc/arm-vita-eabi/7.3.0/crti.o /usr/local/vitasdk/bin/../lib/gcc/arm-vita-eabi/7.3.0/crtbegin.o /usr/local/vitasdk/bin/../lib/gcc/arm-vita-eabi/7.3.0/../../../../arm-vita-eabi/lib/crt0.o -L/usr/local/vitasdk/bin/../lib/gcc/arm-vita-eabi/7.3.0 -L/usr/local/vitasdk/bin/../lib/gcc -L/usr/local/vitasdk/bin/../lib/gcc/arm-vita-eabi/7.3.0/../../../../arm-vita-eabi/lib -L/usr/local/vitasdk/bin/../arm-vita-eabi/lib -q -z nocopyreloc CMakeFiles/cmTC_f7804.dir/CMakeCXXCompilerABI.cpp.obj -lstdc++ -lm --start-group -lgcc -lc -lSceRtc_stub -lSceSysmem_stub -lSceKernelThreadMgr_stub -lSceKernelModulemgr_stub -lSceIofilemgr_stub -lSceProcessmgr_stub -lSceLibKernel_stub -lSceNet_stub --end-group /usr/local/vitasdk/bin/../lib/gcc/arm-vita-eabi/7.3.0/crtend.o /usr/local/vitasdk/bin/../lib/gcc/arm-vita-eabi/7.3.0/crtn.o]
    arg [/usr/local/vitasdk/bin/../lib/gcc/arm-vita-eabi/7.3.0/collect2] ==> ignore
    arg [-plugin] ==> ignore
    arg [/usr/local/vitasdk/bin/../lib/gcc/arm-vita-eabi/7.3.0/liblto_plugin.so] ==> ignore
    arg [-plugin-opt=/usr/local/vitasdk/bin/../lib/gcc/arm-vita-eabi/7.3.0/lto-wrapper] ==> ignore
    arg [-plugin-opt=-fresolution=/var/folders/rq/sl9x4_3j6lj8n8vfg0m1qsqw0000gn/T//ccUjpsPI.res] ==> ignore
    arg [-plugin-opt=-pass-through=-lgcc] ==> ignore
    arg [-plugin-opt=-pass-through=-lc] ==> ignore
    arg [-plugin-opt=-pass-through=-lSceRtc_stub] ==> ignore
    arg [-plugin-opt=-pass-through=-lSceSysmem_stub] ==> ignore
    arg [-plugin-opt=-pass-through=-lSceKernelThreadMgr_stub] ==> ignore
    arg [-plugin-opt=-pass-through=-lSceKernelModulemgr_stub] ==> ignore
    arg [-plugin-opt=-pass-through=-lSceIofilemgr_stub] ==> ignore
    arg [-plugin-opt=-pass-through=-lSceProcessmgr_stub] ==> ignore
    arg [-plugin-opt=-pass-through=-lSceLibKernel_stub] ==> ignore
    arg [-plugin-opt=-pass-through=-lSceNet_stub] ==> ignore
    arg [--sysroot=/usr/local/vitasdk/bin/../arm-vita-eabi] ==> ignore
    arg [-X] ==> ignore
    arg [-o] ==> ignore
    arg [cmTC_f7804] ==> ignore
    arg [/usr/local/vitasdk/bin/../lib/gcc/arm-vita-eabi/7.3.0/crti.o] ==> ignore
    arg [/usr/local/vitasdk/bin/../lib/gcc/arm-vita-eabi/7.3.0/crtbegin.o] ==> ignore
    arg [/usr/local/vitasdk/bin/../lib/gcc/arm-vita-eabi/7.3.0/../../../../arm-vita-eabi/lib/crt0.o] ==> ignore
    arg [-L/usr/local/vitasdk/bin/../lib/gcc/arm-vita-eabi/7.3.0] ==> dir [/usr/local/vitasdk/bin/../lib/gcc/arm-vita-eabi/7.3.0]
    arg [-L/usr/local/vitasdk/bin/../lib/gcc] ==> dir [/usr/local/vitasdk/bin/../lib/gcc]
    arg [-L/usr/local/vitasdk/bin/../lib/gcc/arm-vita-eabi/7.3.0/../../../../arm-vita-eabi/lib] ==> dir [/usr/local/vitasdk/bin/../lib/gcc/arm-vita-eabi/7.3.0/../../../../arm-vita-eabi/lib]
    arg [-L/usr/local/vitasdk/bin/../arm-vita-eabi/lib] ==> dir [/usr/local/vitasdk/bin/../arm-vita-eabi/lib]
    arg [-q] ==> ignore
    arg [-znocopyreloc] ==> ignore
    arg [CMakeFiles/cmTC_f7804.dir/CMakeCXXCompilerABI.cpp.obj] ==> ignore
    arg [-lstdc++] ==> lib [stdc++]
    arg [-lm] ==> lib [m]
    arg [--start-group] ==> ignore
    arg [-lgcc] ==> lib [gcc]
    arg [-lc] ==> lib [c]
    arg [-lSceRtc_stub] ==> lib [SceRtc_stub]
    arg [-lSceSysmem_stub] ==> lib [SceSysmem_stub]
    arg [-lSceKernelThreadMgr_stub] ==> lib [SceKernelThreadMgr_stub]
    arg [-lSceKernelModulemgr_stub] ==> lib [SceKernelModulemgr_stub]
    arg [-lSceIofilemgr_stub] ==> lib [SceIofilemgr_stub]
    arg [-lSceProcessmgr_stub] ==> lib [SceProcessmgr_stub]
    arg [-lSceLibKernel_stub] ==> lib [SceLibKernel_stub]
    arg [-lSceNet_stub] ==> lib [SceNet_stub]
    arg [--end-group] ==> ignore
    arg [/usr/local/vitasdk/bin/../lib/gcc/arm-vita-eabi/7.3.0/crtend.o] ==> ignore
    arg [/usr/local/vitasdk/bin/../lib/gcc/arm-vita-eabi/7.3.0/crtn.o] ==> ignore
  collapse library dir [/usr/local/vitasdk/bin/../lib/gcc/arm-vita-eabi/7.3.0] ==> [/usr/local/vitasdk/lib/gcc/arm-vita-eabi/7.3.0]
  collapse library dir [/usr/local/vitasdk/bin/../lib/gcc] ==> [/usr/local/vitasdk/lib/gcc]
  collapse library dir [/usr/local/vitasdk/bin/../lib/gcc/arm-vita-eabi/7.3.0/../../../../arm-vita-eabi/lib] ==> [/usr/local/vitasdk/arm-vita-eabi/lib]
  collapse library dir [/usr/local/vitasdk/bin/../arm-vita-eabi/lib] ==> [/usr/local/vitasdk/arm-vita-eabi/lib]
  implicit libs: [stdc++;m;gcc;c;SceRtc_stub;SceSysmem_stub;SceKernelThreadMgr_stub;SceKernelModulemgr_stub;SceIofilemgr_stub;SceProcessmgr_stub;SceLibKernel_stub;SceNet_stub]
  implicit dirs: [/usr/local/vitasdk/lib/gcc/arm-vita-eabi/7.3.0;/usr/local/vitasdk/lib/gcc;/usr/local/vitasdk/arm-vita-eabi/lib]
  implicit fwks: []




Detecting CXX [-std=c++1z] compiler features compiled with the following output:
Change Dir: /Users/macbreaker/gitProjects/samples/sdl2/spriteTest/CMakeFiles/CMakeTmp

Run Build Command:"/usr/bin/make" "cmTC_86c47/fast"
/Applications/Xcode.app/Contents/Developer/usr/bin/make -f CMakeFiles/cmTC_86c47.dir/build.make CMakeFiles/cmTC_86c47.dir/build
Building CXX object CMakeFiles/cmTC_86c47.dir/feature_tests.cxx.obj
/usr/local/vitasdk/bin/arm-vita-eabi-g++    -Wl,-q    -std=c++1z -o CMakeFiles/cmTC_86c47.dir/feature_tests.cxx.obj -c /Users/macbreaker/gitProjects/samples/sdl2/spriteTest/CMakeFiles/feature_tests.cxx
Linking CXX executable cmTC_86c47
/opt/local/bin/cmake -E cmake_link_script CMakeFiles/cmTC_86c47.dir/link.txt --verbose=1
/usr/local/vitasdk/bin/arm-vita-eabi-g++   -Wl,-q   -Wl,-z,nocopyreloc  CMakeFiles/cmTC_86c47.dir/feature_tests.cxx.obj  -o cmTC_86c47 


    Feature record: CXX_FEATURE:1cxx_aggregate_default_initializers
    Feature record: CXX_FEATURE:1cxx_alias_templates
    Feature record: CXX_FEATURE:1cxx_alignas
    Feature record: CXX_FEATURE:1cxx_alignof
    Feature record: CXX_FEATURE:1cxx_attributes
    Feature record: CXX_FEATURE:1cxx_attribute_deprecated
    Feature record: CXX_FEATURE:1cxx_auto_type
    Feature record: CXX_FEATURE:1cxx_binary_literals
    Feature record: CXX_FEATURE:1cxx_constexpr
    Feature record: CXX_FEATURE:1cxx_contextual_conversions
    Feature record: CXX_FEATURE:1cxx_decltype
    Feature record: CXX_FEATURE:1cxx_decltype_auto
    Feature record: CXX_FEATURE:1cxx_decltype_incomplete_return_types
    Feature record: CXX_FEATURE:1cxx_default_function_template_args
    Feature record: CXX_FEATURE:1cxx_defaulted_functions
    Feature record: CXX_FEATURE:1cxx_defaulted_move_initializers
    Feature record: CXX_FEATURE:1cxx_delegating_constructors
    Feature record: CXX_FEATURE:1cxx_deleted_functions
    Feature record: CXX_FEATURE:1cxx_digit_separators
    Feature record: CXX_FEATURE:1cxx_enum_forward_declarations
    Feature record: CXX_FEATURE:1cxx_explicit_conversions
    Feature record: CXX_FEATURE:1cxx_extended_friend_declarations
    Feature record: CXX_FEATURE:1cxx_extern_templates
    Feature record: CXX_FEATURE:1cxx_final
    Feature record: CXX_FEATURE:1cxx_func_identifier
    Feature record: CXX_FEATURE:1cxx_generalized_initializers
    Feature record: CXX_FEATURE:1cxx_generic_lambdas
    Feature record: CXX_FEATURE:1cxx_inheriting_constructors
    Feature record: CXX_FEATURE:1cxx_inline_namespaces
    Feature record: CXX_FEATURE:1cxx_lambdas
    Feature record: CXX_FEATURE:1cxx_lambda_init_captures
    Feature record: CXX_FEATURE:1cxx_local_type_template_args
    Feature record: CXX_FEATURE:1cxx_long_long_type
    Feature record: CXX_FEATURE:1cxx_noexcept
    Feature record: CXX_FEATURE:1cxx_nonstatic_member_init
    Feature record: CXX_FEATURE:1cxx_nullptr
    Feature record: CXX_FEATURE:1cxx_override
    Feature record: CXX_FEATURE:1cxx_range_for
    Feature record: CXX_FEATURE:1cxx_raw_string_literals
    Feature record: CXX_FEATURE:1cxx_reference_qualified_functions
    Feature record: CXX_FEATURE:1cxx_relaxed_constexpr
    Feature record: CXX_FEATURE:1cxx_return_type_deduction
    Feature record: CXX_FEATURE:1cxx_right_angle_brackets
    Feature record: CXX_FEATURE:1cxx_rvalue_references
    Feature record: CXX_FEATURE:1cxx_sizeof_member
    Feature record: CXX_FEATURE:1cxx_static_assert
    Feature record: CXX_FEATURE:1cxx_strong_enums
    Feature record: CXX_FEATURE:1cxx_template_template_parameters
    Feature record: CXX_FEATURE:1cxx_thread_local
    Feature record: CXX_FEATURE:1cxx_trailing_return_types
    Feature record: CXX_FEATURE:1cxx_unicode_literals
    Feature record: CXX_FEATURE:1cxx_uniform_initialization
    Feature record: CXX_FEATURE:1cxx_unrestricted_unions
    Feature record: CXX_FEATURE:1cxx_user_literals
    Feature record: CXX_FEATURE:1cxx_variable_templates
    Feature record: CXX_FEATURE:1cxx_variadic_macros
    Feature record: CXX_FEATURE:1cxx_variadic_templates


Detecting CXX [-std=c++14] compiler features compiled with the following output:
Change Dir: /Users/macbreaker/gitProjects/samples/sdl2/spriteTest/CMakeFiles/CMakeTmp

Run Build Command:"/usr/bin/make" "cmTC_b6b1b/fast"
/Applications/Xcode.app/Contents/Developer/usr/bin/make -f CMakeFiles/cmTC_b6b1b.dir/build.make CMakeFiles/cmTC_b6b1b.dir/build
Building CXX object CMakeFiles/cmTC_b6b1b.dir/feature_tests.cxx.obj
/usr/local/vitasdk/bin/arm-vita-eabi-g++    -Wl,-q    -std=c++14 -o CMakeFiles/cmTC_b6b1b.dir/feature_tests.cxx.obj -c /Users/macbreaker/gitProjects/samples/sdl2/spriteTest/CMakeFiles/feature_tests.cxx
Linking CXX executable cmTC_b6b1b
/opt/local/bin/cmake -E cmake_link_script CMakeFiles/cmTC_b6b1b.dir/link.txt --verbose=1
/usr/local/vitasdk/bin/arm-vita-eabi-g++   -Wl,-q   -Wl,-z,nocopyreloc  CMakeFiles/cmTC_b6b1b.dir/feature_tests.cxx.obj  -o cmTC_b6b1b 


    Feature record: CXX_FEATURE:1cxx_aggregate_default_initializers
    Feature record: CXX_FEATURE:1cxx_alias_templates
    Feature record: CXX_FEATURE:1cxx_alignas
    Feature record: CXX_FEATURE:1cxx_alignof
    Feature record: CXX_FEATURE:1cxx_attributes
    Feature record: CXX_FEATURE:1cxx_attribute_deprecated
    Feature record: CXX_FEATURE:1cxx_auto_type
    Feature record: CXX_FEATURE:1cxx_binary_literals
    Feature record: CXX_FEATURE:1cxx_constexpr
    Feature record: CXX_FEATURE:1cxx_contextual_conversions
    Feature record: CXX_FEATURE:1cxx_decltype
    Feature record: CXX_FEATURE:1cxx_decltype_auto
    Feature record: CXX_FEATURE:1cxx_decltype_incomplete_return_types
    Feature record: CXX_FEATURE:1cxx_default_function_template_args
    Feature record: CXX_FEATURE:1cxx_defaulted_functions
    Feature record: CXX_FEATURE:1cxx_defaulted_move_initializers
    Feature record: CXX_FEATURE:1cxx_delegating_constructors
    Feature record: CXX_FEATURE:1cxx_deleted_functions
    Feature record: CXX_FEATURE:1cxx_digit_separators
    Feature record: CXX_FEATURE:1cxx_enum_forward_declarations
    Feature record: CXX_FEATURE:1cxx_explicit_conversions
    Feature record: CXX_FEATURE:1cxx_extended_friend_declarations
    Feature record: CXX_FEATURE:1cxx_extern_templates
    Feature record: CXX_FEATURE:1cxx_final
    Feature record: CXX_FEATURE:1cxx_func_identifier
    Feature record: CXX_FEATURE:1cxx_generalized_initializers
    Feature record: CXX_FEATURE:1cxx_generic_lambdas
    Feature record: CXX_FEATURE:1cxx_inheriting_constructors
    Feature record: CXX_FEATURE:1cxx_inline_namespaces
    Feature record: CXX_FEATURE:1cxx_lambdas
    Feature record: CXX_FEATURE:1cxx_lambda_init_captures
    Feature record: CXX_FEATURE:1cxx_local_type_template_args
    Feature record: CXX_FEATURE:1cxx_long_long_type
    Feature record: CXX_FEATURE:1cxx_noexcept
    Feature record: CXX_FEATURE:1cxx_nonstatic_member_init
    Feature record: CXX_FEATURE:1cxx_nullptr
    Feature record: CXX_FEATURE:1cxx_override
    Feature record: CXX_FEATURE:1cxx_range_for
    Feature record: CXX_FEATURE:1cxx_raw_string_literals
    Feature record: CXX_FEATURE:1cxx_reference_qualified_functions
    Feature record: CXX_FEATURE:1cxx_relaxed_constexpr
    Feature record: CXX_FEATURE:1cxx_return_type_deduction
    Feature record: CXX_FEATURE:1cxx_right_angle_brackets
    Feature record: CXX_FEATURE:1cxx_rvalue_references
    Feature record: CXX_FEATURE:1cxx_sizeof_member
    Feature record: CXX_FEATURE:1cxx_static_assert
    Feature record: CXX_FEATURE:1cxx_strong_enums
    Feature record: CXX_FEATURE:1cxx_template_template_parameters
    Feature record: CXX_FEATURE:1cxx_thread_local
    Feature record: CXX_FEATURE:1cxx_trailing_return_types
    Feature record: CXX_FEATURE:1cxx_unicode_literals
    Feature record: CXX_FEATURE:1cxx_uniform_initialization
    Feature record: CXX_FEATURE:1cxx_unrestricted_unions
    Feature record: CXX_FEATURE:1cxx_user_literals
    Feature record: CXX_FEATURE:1cxx_variable_templates
    Feature record: CXX_FEATURE:1cxx_variadic_macros
    Feature record: CXX_FEATURE:1cxx_variadic_templates


Detecting CXX [-std=c++11] compiler features compiled with the following output:
Change Dir: /Users/macbreaker/gitProjects/samples/sdl2/spriteTest/CMakeFiles/CMakeTmp

Run Build Command:"/usr/bin/make" "cmTC_10a49/fast"
/Applications/Xcode.app/Contents/Developer/usr/bin/make -f CMakeFiles/cmTC_10a49.dir/build.make CMakeFiles/cmTC_10a49.dir/build
Building CXX object CMakeFiles/cmTC_10a49.dir/feature_tests.cxx.obj
/usr/local/vitasdk/bin/arm-vita-eabi-g++    -Wl,-q    -std=c++11 -o CMakeFiles/cmTC_10a49.dir/feature_tests.cxx.obj -c /Users/macbreaker/gitProjects/samples/sdl2/spriteTest/CMakeFiles/feature_tests.cxx
Linking CXX executable cmTC_10a49
/opt/local/bin/cmake -E cmake_link_script CMakeFiles/cmTC_10a49.dir/link.txt --verbose=1
/usr/local/vitasdk/bin/arm-vita-eabi-g++   -Wl,-q   -Wl,-z,nocopyreloc  CMakeFiles/cmTC_10a49.dir/feature_tests.cxx.obj  -o cmTC_10a49 


    Feature record: CXX_FEATURE:0cxx_aggregate_default_initializers
    Feature record: CXX_FEATURE:1cxx_alias_templates
    Feature record: CXX_FEATURE:1cxx_alignas
    Feature record: CXX_FEATURE:1cxx_alignof
    Feature record: CXX_FEATURE:1cxx_attributes
    Feature record: CXX_FEATURE:0cxx_attribute_deprecated
    Feature record: CXX_FEATURE:1cxx_auto_type
    Feature record: CXX_FEATURE:0cxx_binary_literals
    Feature record: CXX_FEATURE:1cxx_constexpr
    Feature record: CXX_FEATURE:0cxx_contextual_conversions
    Feature record: CXX_FEATURE:1cxx_decltype
    Feature record: CXX_FEATURE:0cxx_decltype_auto
    Feature record: CXX_FEATURE:1cxx_decltype_incomplete_return_types
    Feature record: CXX_FEATURE:1cxx_default_function_template_args
    Feature record: CXX_FEATURE:1cxx_defaulted_functions
    Feature record: CXX_FEATURE:1cxx_defaulted_move_initializers
    Feature record: CXX_FEATURE:1cxx_delegating_constructors
    Feature record: CXX_FEATURE:1cxx_deleted_functions
    Feature record: CXX_FEATURE:0cxx_digit_separators
    Feature record: CXX_FEATURE:1cxx_enum_forward_declarations
    Feature record: CXX_FEATURE:1cxx_explicit_conversions
    Feature record: CXX_FEATURE:1cxx_extended_friend_declarations
    Feature record: CXX_FEATURE:1cxx_extern_templates
    Feature record: CXX_FEATURE:1cxx_final
    Feature record: CXX_FEATURE:1cxx_func_identifier
    Feature record: CXX_FEATURE:1cxx_generalized_initializers
    Feature record: CXX_FEATURE:0cxx_generic_lambdas
    Feature record: CXX_FEATURE:1cxx_inheriting_constructors
    Feature record: CXX_FEATURE:1cxx_inline_namespaces
    Feature record: CXX_FEATURE:1cxx_lambdas
    Feature record: CXX_FEATURE:0cxx_lambda_init_captures
    Feature record: CXX_FEATURE:1cxx_local_type_template_args
    Feature record: CXX_FEATURE:1cxx_long_long_type
    Feature record: CXX_FEATURE:1cxx_noexcept
    Feature record: CXX_FEATURE:1cxx_nonstatic_member_init
    Feature record: CXX_FEATURE:1cxx_nullptr
    Feature record: CXX_FEATURE:1cxx_override
    Feature record: CXX_FEATURE:1cxx_range_for
    Feature record: CXX_FEATURE:1cxx_raw_string_literals
    Feature record: CXX_FEATURE:1cxx_reference_qualified_functions
    Feature record: CXX_FEATURE:0cxx_relaxed_constexpr
    Feature record: CXX_FEATURE:0cxx_return_type_deduction
    Feature record: CXX_FEATURE:1cxx_right_angle_brackets
    Feature record: CXX_FEATURE:1cxx_rvalue_references
    Feature record: CXX_FEATURE:1cxx_sizeof_member
    Feature record: CXX_FEATURE:1cxx_static_assert
    Feature record: CXX_FEATURE:1cxx_strong_enums
    Feature record: CXX_FEATURE:1cxx_template_template_parameters
    Feature record: CXX_FEATURE:1cxx_thread_local
    Feature record: CXX_FEATURE:1cxx_trailing_return_types
    Feature record: CXX_FEATURE:1cxx_unicode_literals
    Feature record: CXX_FEATURE:1cxx_uniform_initialization
    Feature record: CXX_FEATURE:1cxx_unrestricted_unions
    Feature record: CXX_FEATURE:1cxx_user_literals
    Feature record: CXX_FEATURE:0cxx_variable_templates
    Feature record: CXX_FEATURE:1cxx_variadic_macros
    Feature record: CXX_FEATURE:1cxx_variadic_templates


Detecting CXX [-std=c++98] compiler features compiled with the following output:
Change Dir: /Users/macbreaker/gitProjects/samples/sdl2/spriteTest/CMakeFiles/CMakeTmp

Run Build Command:"/usr/bin/make" "cmTC_6e06b/fast"
/Applications/Xcode.app/Contents/Developer/usr/bin/make -f CMakeFiles/cmTC_6e06b.dir/build.make CMakeFiles/cmTC_6e06b.dir/build
Building CXX object CMakeFiles/cmTC_6e06b.dir/feature_tests.cxx.obj
/usr/local/vitasdk/bin/arm-vita-eabi-g++    -Wl,-q    -std=c++98 -o CMakeFiles/cmTC_6e06b.dir/feature_tests.cxx.obj -c /Users/macbreaker/gitProjects/samples/sdl2/spriteTest/CMakeFiles/feature_tests.cxx
Linking CXX executable cmTC_6e06b
/opt/local/bin/cmake -E cmake_link_script CMakeFiles/cmTC_6e06b.dir/link.txt --verbose=1
/usr/local/vitasdk/bin/arm-vita-eabi-g++   -Wl,-q   -Wl,-z,nocopyreloc  CMakeFiles/cmTC_6e06b.dir/feature_tests.cxx.obj  -o cmTC_6e06b 


    Feature record: CXX_FEATURE:0cxx_aggregate_default_initializers
    Feature record: CXX_FEATURE:0cxx_alias_templates
    Feature record: CXX_FEATURE:0cxx_alignas
    Feature record: CXX_FEATURE:0cxx_alignof
    Feature record: CXX_FEATURE:0cxx_attributes
    Feature record: CXX_FEATURE:0cxx_attribute_deprecated
    Feature record: CXX_FEATURE:0cxx_auto_type
    Feature record: CXX_FEATURE:0cxx_binary_literals
    Feature record: CXX_FEATURE:0cxx_constexpr
    Feature record: CXX_FEATURE:0cxx_contextual_conversions
    Feature record: CXX_FEATURE:0cxx_decltype
    Feature record: CXX_FEATURE:0cxx_decltype_auto
    Feature record: CXX_FEATURE:0cxx_decltype_incomplete_return_types
    Feature record: CXX_FEATURE:0cxx_default_function_template_args
    Feature record: CXX_FEATURE:0cxx_defaulted_functions
    Feature record: CXX_FEATURE:0cxx_defaulted_move_initializers
    Feature record: CXX_FEATURE:0cxx_delegating_constructors
    Feature record: CXX_FEATURE:0cxx_deleted_functions
    Feature record: CXX_FEATURE:0cxx_digit_separators
    Feature record: CXX_FEATURE:0cxx_enum_forward_declarations
    Feature record: CXX_FEATURE:0cxx_explicit_conversions
    Feature record: CXX_FEATURE:0cxx_extended_friend_declarations
    Feature record: CXX_FEATURE:0cxx_extern_templates
    Feature record: CXX_FEATURE:0cxx_final
    Feature record: CXX_FEATURE:0cxx_func_identifier
    Feature record: CXX_FEATURE:0cxx_generalized_initializers
    Feature record: CXX_FEATURE:0cxx_generic_lambdas
    Feature record: CXX_FEATURE:0cxx_inheriting_constructors
    Feature record: CXX_FEATURE:0cxx_inline_namespaces
    Feature record: CXX_FEATURE:0cxx_lambdas
    Feature record: CXX_FEATURE:0cxx_lambda_init_captures
    Feature record: CXX_FEATURE:0cxx_local_type_template_args
    Feature record: CXX_FEATURE:0cxx_long_long_type
    Feature record: CXX_FEATURE:0cxx_noexcept
    Feature record: CXX_FEATURE:0cxx_nonstatic_member_init
    Feature record: CXX_FEATURE:0cxx_nullptr
    Feature record: CXX_FEATURE:0cxx_override
    Feature record: CXX_FEATURE:0cxx_range_for
    Feature record: CXX_FEATURE:0cxx_raw_string_literals
    Feature record: CXX_FEATURE:0cxx_reference_qualified_functions
    Feature record: CXX_FEATURE:0cxx_relaxed_constexpr
    Feature record: CXX_FEATURE:0cxx_return_type_deduction
    Feature record: CXX_FEATURE:0cxx_right_angle_brackets
    Feature record: CXX_FEATURE:0cxx_rvalue_references
    Feature record: CXX_FEATURE:0cxx_sizeof_member
    Feature record: CXX_FEATURE:0cxx_static_assert
    Feature record: CXX_FEATURE:0cxx_strong_enums
    Feature record: CXX_FEATURE:1cxx_template_template_parameters
    Feature record: CXX_FEATURE:0cxx_thread_local
    Feature record: CXX_FEATURE:0cxx_trailing_return_types
    Feature record: CXX_FEATURE:0cxx_unicode_literals
    Feature record: CXX_FEATURE:0cxx_uniform_initialization
    Feature record: CXX_FEATURE:0cxx_unrestricted_unions
    Feature record: CXX_FEATURE:0cxx_user_literals
    Feature record: CXX_FEATURE:0cxx_variable_templates
    Feature record: CXX_FEATURE:0cxx_variadic_macros
    Feature record: CXX_FEATURE:0cxx_variadic_templates
